<?xml version="1.0" encoding="UTF-8"?>
<!-- Generated by org.testng.reporters.JUnitReportReporter -->
<testsuite hostname="Devendra" failures="0" tests="1" name="testCases.TC_002LoginTest" time="1.895" errors="0" timestamp="2025-05-15T00:11:58 BST" skipped="0">
  <testcase classname="testCases.TC_002LoginTest" name="testLogin" time="1.895"/>
</testsuite> <!-- testCases.TC_002LoginTest -->
