<?xml version="1.0" encoding="UTF-8"?>
<!-- Generated by org.testng.reporters.JUnitReportReporter -->
<testsuite hostname="Devendra" failures="0" tests="1" name="testCases.TC_004_SearchProduct" time="0.899" errors="0" timestamp="2025-05-22T17:18:18 BST" skipped="0">
  <testcase classname="testCases.TC_004_SearchProduct" name="searchProduct" time="0.899"/>
</testsuite> <!-- testCases.TC_004_SearchProduct -->
