<?xml version="1.0" encoding="UTF-8"?>
<!-- Generated by org.testng.reporters.JUnitReportReporter -->
<testsuite hostname="Devendra" failures="0" tests="1" name="testCases.TC_002LoginTest" time="1.927" errors="0" timestamp="2025-05-22T16:36:18 BST" skipped="0">
  <testcase classname="testCases.TC_002LoginTest" name="testLogin" time="1.927"/>
</testsuite> <!-- testCases.TC_002LoginTest -->
