<?xml version="1.0" encoding="UTF-8"?>
<!-- Generated by org.testng.reporters.JUnitReportReporter -->
<testsuite hostname="Devendra" failures="0" tests="3" name="testCases.TC_004_SearchProduct" time="1.917" errors="0" timestamp="2025-05-22T18:52:33 BST" skipped="0">
  <testcase classname="testCases.TC_004_SearchProduct" name="searchValidProduct" time="0.805"/>
  <testcase classname="testCases.TC_004_SearchProduct" name="searchInvalidProduct" time="0.570"/>
  <testcase classname="testCases.TC_004_SearchProduct" name="searchBlankProduct" time="0.542"/>
</testsuite> <!-- testCases.TC_004_SearchProduct -->
